Building DAG of jobs...
Provided cores: 1 (use --cores to define parallelism)
Rules claiming more threads will be scaled down.
Job stats:
job              count
-------------  -------
all                  1
fetch_domains        1
plot_domains         1
total                3

Select jobs to execute...

[Fri Apr 24 12:34:18 2026]
rule fetch_domains:
    output: results/TP53/domains.csv
    jobid: 2
    reason: Missing output files: results/TP53/domains.csv
    resources: tmpdir=C:\Users\pamog\AppData\Local\Temp

[Fri Apr 24 12:34:20 2026]
Finished job 2.
1 of 3 steps (33%) done
Select jobs to execute...

[Fri Apr 24 12:34:20 2026]
rule plot_domains:
    input: results/TP53/domains.csv
    output: results/TP53/domain_plot.png
    jobid: 1
    reason: Missing output files: results/TP53/domain_plot.png; Input files updated by another job: results/TP53/domains.csv
    resources: tmpdir=C:\Users\pamog\AppData\Local\Temp

Waiting at most 5 seconds for missing files.
MissingOutputException in rule plot_domains in file C:\amogh\projects\Bioprojects\bio-pipeline\Snakefile, line 73:
Job 1  completed successfully, but some output files are missing. Missing files after 5 seconds. This might be due to filesystem latency. If that is the case, consider to increase the wait time with --latency-wait:
results/TP53/domain_plot.png
Shutting down, this might take some time.
Exiting because a job execution failed. Look above for error message
Complete log: .snakemake\log\2026-04-24T123417.241132.snakemake.log
