Building DAG of jobs...
Provided cores: 1 (use --cores to define parallelism)
Rules claiming more threads will be scaled down.
Job stats:
job               count
--------------  -------
all                   1
compute_gc            1
fetch_sequence        1
find_orfs             1
summary               1
total                 5

Select jobs to execute...

[Fri Apr 24 12:41:20 2026]
rule fetch_sequence:
    output: data/TP53_sequence.txt
    jobid: 2
    reason: Missing output files: data/TP53_sequence.txt
    resources: tmpdir=C:\Users\pamog\AppData\Local\Temp

[Fri Apr 24 12:41:22 2026]
Finished job 2.
1 of 5 steps (20%) done
Select jobs to execute...

[Fri Apr 24 12:41:22 2026]
rule compute_gc:
    input: data/TP53_sequence.txt
    output: results/TP53/gc.txt
    jobid: 1
    reason: Missing output files: results/TP53/gc.txt; Input files updated by another job: data/TP53_sequence.txt
    resources: tmpdir=C:\Users\pamog\AppData\Local\Temp

[Fri Apr 24 12:41:22 2026]
Finished job 1.
2 of 5 steps (40%) done
Select jobs to execute...

[Fri Apr 24 12:41:22 2026]
rule find_orfs:
    input: data/TP53_sequence.txt
    output: results/TP53/orfs.csv
    jobid: 3
    reason: Missing output files: results/TP53/orfs.csv; Input files updated by another job: data/TP53_sequence.txt
    resources: tmpdir=C:\Users\pamog\AppData\Local\Temp

[Fri Apr 24 12:41:23 2026]
Finished job 3.
3 of 5 steps (60%) done
Select jobs to execute...

[Fri Apr 24 12:41:23 2026]
rule summary:
    input: results/TP53/gc.txt, results/TP53/orfs.csv, results/TP53/domains.csv
    output: results/TP53/summary.csv
    jobid: 5
    reason: Missing output files: results/TP53/summary.csv; Input files updated by another job: results/TP53/orfs.csv, results/TP53/gc.txt
    resources: tmpdir=C:\Users\pamog\AppData\Local\Temp

[Fri Apr 24 12:41:23 2026]
Finished job 5.
4 of 5 steps (80%) done
Select jobs to execute...

[Fri Apr 24 12:41:23 2026]
localrule all:
    input: results/TP53/gc.txt, results/TP53/orfs.csv, results/TP53/domains.csv, results/TP53/summary.csv, results/TP53/domain_plot.html
    jobid: 0
    reason: Input files updated by another job: results/TP53/orfs.csv, results/TP53/summary.csv, results/TP53/gc.txt
    resources: tmpdir=C:\Users\pamog\AppData\Local\Temp

[Fri Apr 24 12:41:23 2026]
Finished job 0.
5 of 5 steps (100%) done
Complete log: .snakemake\log\2026-04-24T124119.772098.snakemake.log
