Building DAG of jobs...
Provided cores: 1 (use --cores to define parallelism)
Rules claiming more threads will be scaled down.
Job stats:
job              count
-------------  -------
fetch_domains        1
plot_domains         1
total                2

Select jobs to execute...

[Fri Apr 24 16:21:06 2026]
rule fetch_domains:
    output: results/TP53/domains.csv
    jobid: 1
    reason: Forced execution
    resources: tmpdir=C:\Users\pamog\AppData\Local\Temp

[Fri Apr 24 16:21:09 2026]
Finished job 1.
1 of 2 steps (50%) done
Select jobs to execute...

[Fri Apr 24 16:21:09 2026]
rule plot_domains:
    input: results/TP53/domains.csv
    output: results/TP53/domain_plot.html
    jobid: 0
    reason: Input files updated by another job: results/TP53/domains.csv
    resources: tmpdir=C:\Users\pamog\AppData\Local\Temp

[Fri Apr 24 16:21:10 2026]
Finished job 0.
2 of 2 steps (100%) done
Complete log: .snakemake\log\2026-04-24T162105.395504.snakemake.log
