Building DAG of jobs...
Provided cores: 1 (use --cores to define parallelism)
Rules claiming more threads will be scaled down.
Job stats:
job              count
-------------  -------
all                  1
fetch_domains        1
plot_domains         1
total                3

Select jobs to execute...

[Fri Apr 24 12:40:00 2026]
rule fetch_domains:
    output: results/TP53/domains.csv
    jobid: 2
    reason: Forced execution
    resources: tmpdir=C:\Users\pamog\AppData\Local\Temp

[Fri Apr 24 12:40:02 2026]
Finished job 2.
1 of 3 steps (33%) done
Select jobs to execute...

[Fri Apr 24 12:40:02 2026]
rule plot_domains:
    input: results/TP53/domains.csv
    output: results/TP53/domain_plot.html
    jobid: 1
    reason: Input files updated by another job: results/TP53/domains.csv
    resources: tmpdir=C:\Users\pamog\AppData\Local\Temp

[Fri Apr 24 12:40:02 2026]
Finished job 1.
2 of 3 steps (67%) done
Select jobs to execute...

[Fri Apr 24 12:40:02 2026]
localrule all:
    input: results/TP53/domain_plot.html
    jobid: 0
    reason: Input files updated by another job: results/TP53/domain_plot.html
    resources: tmpdir=C:\Users\pamog\AppData\Local\Temp

[Fri Apr 24 12:40:02 2026]
Finished job 0.
3 of 3 steps (100%) done
Complete log: .snakemake\log\2026-04-24T123959.394399.snakemake.log
